<?xml version="1.0" encoding="utf-8"?><testsuites name="pytest tests"><testsuite name="pytest" errors="0" failures="0" skipped="0" tests="10" time="1.706" timestamp="2026-09-22T23:22:13.438361+00:00" hostname="agent-env-2584b3e8-68cb-49ff-a2e3-3bf0f369edd1"><testcase classname="backend.tests.test_rdp_provisioning_status" name="test_get_rdp_provisioning_shape[008dfaca-f744-42eb-bed6-51feaa532639]" time="0.179" /><testcase classname="backend.tests.test_rdp_provisioning_status" name="test_get_rdp_provisioning_shape[47b00ccf-0ae2-4751-a312-adc4dbf4cfa9]" time="0.171" /><testcase classname="backend.tests.test_rdp_provisioning_status" name="test_get_rdp_provisioning_shape[bb1e635e-61e0-4acc-a3fe-4e966ae664cc]" time="0.147" /><testcase classname="backend.tests.test_rdp_provisioning_status" name="test_first_order_terminal_state" time="0.142" /><testcase classname="backend.tests.test_rdp_provisioning_status" name="test_get_rdp_not_found" time="0.172" /><testcase classname="backend.tests.test_rdp_provisioning_status" name="test_get_rdp_unauth" time="0.174" /><testcase classname="backend.tests.test_rdp_provisioning_status" name="test_credentials_ip_fix" time="0.131" /><testcase classname="backend.tests.test_rdp_provisioning_status" name="test_list_rdp_contains_ids" time="0.158" /><testcase classname="backend.tests.test_rdp_provisioning_status" name="test_api_docs_page" time="0.193" /><testcase classname="backend.tests.test_rdp_provisioning_status" name="test_admin_rdp_golden_status" time="0.167" /></testsuite></testsuites>