<?xml version="1.0" encoding="utf-8"?><testsuites name="pytest tests"><testsuite name="pytest" errors="0" failures="0" skipped="0" tests="11" time="1.732" timestamp="2026-09-22T22:39:12.197981+00:00" hostname="agent-env-2584b3e8-68cb-49ff-a2e3-3bf0f369edd1"><testcase classname="backend.tests.test_rdp_reseller_golden.TestRdpPlans" name="test_no_auth_rejected" time="0.174" /><testcase classname="backend.tests.test_rdp_reseller_golden.TestRdpPlans" name="test_plans_us" time="0.150" /><testcase classname="backend.tests.test_rdp_reseller_golden.TestRdpPlans" name="test_plans_other_regions[EU]" time="0.163" /><testcase classname="backend.tests.test_rdp_reseller_golden.TestRdpPlans" name="test_plans_other_regions[SG]" time="0.152" /><testcase classname="backend.tests.test_rdp_reseller_golden.TestRdpCreateValidation" name="test_no_auth" time="0.139" /><testcase classname="backend.tests.test_rdp_reseller_golden.TestRdpCreateValidation" name="test_invalid_plan" time="0.132" /><testcase classname="backend.tests.test_rdp_reseller_golden.TestRdpCreateValidation" name="test_invalid_os" time="0.137" /><testcase classname="backend.tests.test_rdp_reseller_golden.TestRdpList" name="test_list_rdp" time="0.171" /><testcase classname="backend.tests.test_rdp_reseller_golden.TestBootscript" name="test_bootscript" time="0.125" /><testcase classname="backend.tests.test_rdp_reseller_golden.TestAdminGoldenStatus" name="test_wrong_key" time="0.134" /><testcase classname="backend.tests.test_rdp_reseller_golden.TestAdminGoldenStatus" name="test_status" time="0.176" /></testsuite></testsuites>